[debug] [2023-05-20T07:21:09.745Z] ----------------------------------------------------------------------
[debug] [2023-05-20T07:21:09.747Z] Command:       C:\Program Files\nodejs\node.exe C:\Users\nicol\AppData\Roaming\npm\node_modules\firebase-tools\lib\bin\firebase.js deploy
[debug] [2023-05-20T07:21:09.747Z] CLI Version:   11.28.0
[debug] [2023-05-20T07:21:09.747Z] Platform:      win32
[debug] [2023-05-20T07:21:09.747Z] Node Version:  v18.12.1
[debug] [2023-05-20T07:21:09.797Z] Time:          Sat May 20 2023 04:21:09 GMT-0300 (hora estándar de Argentina)
[debug] [2023-05-20T07:21:09.797Z] ----------------------------------------------------------------------
[debug] 
[debug] [2023-05-20T07:21:09.801Z] >>> [apiv2][query] GET https://firebase-public.firebaseio.com/cli.json [none]
[debug] [2023-05-20T07:21:09.917Z] > command requires scopes: ["email","openid","https://www.googleapis.com/auth/cloudplatformprojects.readonly","https://www.googleapis.com/auth/firebase","https://www.googleapis.com/auth/cloud-platform"]
[debug] [2023-05-20T07:21:09.917Z] > authorizing via signed-in user (nicolasgimenezgg@gmail.com)
[debug] [2023-05-20T07:21:09.917Z] [iam] checking project portfolio-web-b7528 for permissions ["firebase.projects.get","firebasehosting.sites.update"]
[debug] [2023-05-20T07:21:09.918Z] > refreshing access token with scopes: []
[debug] [2023-05-20T07:21:09.919Z] >>> [apiv2][query] POST https://www.googleapis.com/oauth2/v3/token [none]
[debug] [2023-05-20T07:21:09.919Z] >>> [apiv2][body] POST https://www.googleapis.com/oauth2/v3/token [omitted]
[debug] [2023-05-20T07:21:10.079Z] <<< [apiv2][status] POST https://www.googleapis.com/oauth2/v3/token 200
[debug] [2023-05-20T07:21:10.079Z] <<< [apiv2][body] POST https://www.googleapis.com/oauth2/v3/token [omitted]
[debug] [2023-05-20T07:21:10.087Z] >>> [apiv2][query] POST https://cloudresourcemanager.googleapis.com/v1/projects/portfolio-web-b7528:testIamPermissions [none]
[debug] [2023-05-20T07:21:10.087Z] >>> [apiv2][(partial)header] POST https://cloudresourcemanager.googleapis.com/v1/projects/portfolio-web-b7528:testIamPermissions x-goog-quota-user=projects/portfolio-web-b7528
[debug] [2023-05-20T07:21:10.087Z] >>> [apiv2][body] POST https://cloudresourcemanager.googleapis.com/v1/projects/portfolio-web-b7528:testIamPermissions {"permissions":["firebase.projects.get","firebasehosting.sites.update"]}
[debug] [2023-05-20T07:21:10.391Z] <<< [apiv2][status] GET https://firebase-public.firebaseio.com/cli.json 200
[debug] [2023-05-20T07:21:10.391Z] <<< [apiv2][body] GET https://firebase-public.firebaseio.com/cli.json {"cloudBuildErrorAfter":1594252800000,"cloudBuildWarnAfter":1590019200000,"defaultNode10After":1594252800000,"minVersion":"3.0.5","node8DeploysDisabledAfter":1613390400000,"node8RuntimeDisabledAfter":1615809600000,"node8WarnAfter":1600128000000}
